\BOOKMARK [1][-]{section.1}{\376\377\000A\000u\000s\000s\000t\000e\000h\000e\000n\000d\000e\000\040\000A\000u\000f\000g\000a\000b\000e\000n}{}
\BOOKMARK [1][-]{section.2}{\376\377\000K\000l\000a\000s\000s\000e\000n\000-\000V\000e\000r\000z\000e\000i\000c\000h\000n\000i\000s}{}
\BOOKMARK [2][-]{subsection.2.1}{\376\377\000K\000l\000a\000s\000s\000e\000n\000h\000i\000e\000r\000a\000r\000c\000h\000i\000e}{section.2}
\BOOKMARK [1][-]{section.3}{\376\377\000K\000l\000a\000s\000s\000e\000n\000-\000V\000e\000r\000z\000e\000i\000c\000h\000n\000i\000s}{}
\BOOKMARK [2][-]{subsection.3.1}{\376\377\000A\000u\000f\000l\000i\000s\000t\000u\000n\000g\000\040\000d\000e\000r\000\040\000K\000l\000a\000s\000s\000e\000n}{section.3}
\BOOKMARK [1][-]{section.4}{\376\377\000D\000a\000t\000e\000i\000-\000V\000e\000r\000z\000e\000i\000c\000h\000n\000i\000s}{}
\BOOKMARK [2][-]{subsection.4.1}{\376\377\000A\000u\000f\000l\000i\000s\000t\000u\000n\000g\000\040\000d\000e\000r\000\040\000D\000a\000t\000e\000i\000e\000n}{section.4}
\BOOKMARK [1][-]{section.5}{\376\377\000K\000l\000a\000s\000s\000e\000n\000-\000D\000o\000k\000u\000m\000e\000n\000t\000a\000t\000i\000o\000n}{}
\BOOKMARK [2][-]{subsection.5.1}{\376\377\000A\000d\000d\000G\000P\000S\000P\000o\000i\000n\000t\000V\000i\000e\000w\000\040\000K\000l\000a\000s\000s\000e\000n\000r\000e\000f\000e\000r\000e\000n\000z}{section.5}
\BOOKMARK [3][-]{subsubsection.5.1.1}{\376\377\000A\000u\000s\000f\000\374\000h\000r\000l\000i\000c\000h\000e\000\040\000B\000e\000s\000c\000h\000r\000e\000i\000b\000u\000n\000g}{subsection.5.1}
\BOOKMARK [2][-]{subsection.5.2}{\376\377\000A\000p\000p\000S\000e\000t\000t\000i\000n\000g\000s\000\040\000K\000l\000a\000s\000s\000e\000n\000r\000e\000f\000e\000r\000e\000n\000z}{section.5}
\BOOKMARK [3][-]{subsubsection.5.2.1}{\376\377\000A\000u\000s\000f\000\374\000h\000r\000l\000i\000c\000h\000e\000\040\000B\000e\000s\000c\000h\000r\000e\000i\000b\000u\000n\000g}{subsection.5.2}
\BOOKMARK [3][-]{subsubsection.5.2.2}{\376\377\000D\000o\000k\000u\000m\000e\000n\000t\000a\000t\000i\000o\000n\000\040\000d\000e\000r\000\040\000E\000l\000e\000m\000e\000n\000t\000f\000u\000n\000k\000t\000i\000o\000n\000e\000n}{subsection.5.2}
\BOOKMARK [3][-]{subsubsection.5.2.3}{\376\377\000D\000o\000k\000u\000m\000e\000n\000t\000a\000t\000i\000o\000n\000\040\000d\000e\000r\000\040\000P\000r\000o\000p\000e\000r\000t\000y\000s}{subsection.5.2}
\BOOKMARK [2][-]{subsection.5.3}{\376\377\000A\000u\000d\000i\000o\000O\000n\000M\000a\000p\000V\000i\000e\000w\000C\000o\000n\000t\000r\000o\000l\000l\000e\000r\000\040\000K\000l\000a\000s\000s\000e\000n\000r\000e\000f\000e\000r\000e\000n\000z}{section.5}
\BOOKMARK [3][-]{subsubsection.5.3.1}{\376\377\000A\000u\000s\000f\000\374\000h\000r\000l\000i\000c\000h\000e\000\040\000B\000e\000s\000c\000h\000r\000e\000i\000b\000u\000n\000g}{subsection.5.3}
\BOOKMARK [2][-]{subsection.5.4}{\376\377\000C\000S\000I\000m\000a\000g\000e\000A\000n\000n\000o\000t\000a\000t\000i\000o\000n\000V\000i\000e\000w\000\040\000K\000l\000a\000s\000s\000e\000n\000r\000e\000f\000e\000r\000e\000n\000z}{section.5}
\BOOKMARK [3][-]{subsubsection.5.4.1}{\376\377\000A\000u\000s\000f\000\374\000h\000r\000l\000i\000c\000h\000e\000\040\000B\000e\000s\000c\000h\000r\000e\000i\000b\000u\000n\000g}{subsection.5.4}
\BOOKMARK [3][-]{subsubsection.5.4.2}{\376\377\000D\000o\000k\000u\000m\000e\000n\000t\000a\000t\000i\000o\000n\000\040\000d\000e\000r\000\040\000D\000a\000t\000e\000n\000e\000l\000e\000m\000e\000n\000t\000e}{subsection.5.4}
\BOOKMARK [3][-]{subsubsection.5.4.3}{\376\377\000D\000o\000k\000u\000m\000e\000n\000t\000a\000t\000i\000o\000n\000\040\000d\000e\000r\000\040\000P\000r\000o\000p\000e\000r\000t\000y\000s}{subsection.5.4}
\BOOKMARK [2][-]{subsection.5.5}{\376\377\000C\000S\000M\000a\000p\000A\000n\000n\000o\000t\000a\000t\000i\000o\000n\000\040\000K\000l\000a\000s\000s\000e\000n\000r\000e\000f\000e\000r\000e\000n\000z}{section.5}
\BOOKMARK [3][-]{subsubsection.5.5.1}{\376\377\000A\000u\000s\000f\000\374\000h\000r\000l\000i\000c\000h\000e\000\040\000B\000e\000s\000c\000h\000r\000e\000i\000b\000u\000n\000g}{subsection.5.5}
\BOOKMARK [3][-]{subsubsection.5.5.2}{\376\377\000D\000o\000k\000u\000m\000e\000n\000t\000a\000t\000i\000o\000n\000\040\000d\000e\000r\000\040\000E\000l\000e\000m\000e\000n\000t\000f\000u\000n\000k\000t\000i\000o\000n\000e\000n}{subsection.5.5}
\BOOKMARK [3][-]{subsubsection.5.5.3}{\376\377\000D\000o\000k\000u\000m\000e\000n\000t\000a\000t\000i\000o\000n\000\040\000d\000e\000r\000\040\000D\000a\000t\000e\000n\000e\000l\000e\000m\000e\000n\000t\000e}{subsection.5.5}
\BOOKMARK [3][-]{subsubsection.5.5.4}{\376\377\000D\000o\000k\000u\000m\000e\000n\000t\000a\000t\000i\000o\000n\000\040\000d\000e\000r\000\040\000P\000r\000o\000p\000e\000r\000t\000y\000s}{subsection.5.5}
\BOOKMARK [2][-]{subsection.5.6}{\376\377\000C\000S\000R\000o\000u\000t\000e\000A\000n\000n\000o\000t\000a\000t\000i\000o\000n\000\040\000K\000l\000a\000s\000s\000e\000n\000r\000e\000f\000e\000r\000e\000n\000z}{section.5}
\BOOKMARK [3][-]{subsubsection.5.6.1}{\376\377\000A\000u\000s\000f\000\374\000h\000r\000l\000i\000c\000h\000e\000\040\000B\000e\000s\000c\000h\000r\000e\000i\000b\000u\000n\000g}{subsection.5.6}
\BOOKMARK [3][-]{subsubsection.5.6.2}{\376\377\000D\000o\000k\000u\000m\000e\000n\000t\000a\000t\000i\000o\000n\000\040\000d\000e\000r\000\040\000E\000l\000e\000m\000e\000n\000t\000f\000u\000n\000k\000t\000i\000o\000n\000e\000n}{subsection.5.6}
\BOOKMARK [3][-]{subsubsection.5.6.3}{\376\377\000D\000o\000k\000u\000m\000e\000n\000t\000a\000t\000i\000o\000n\000\040\000d\000e\000r\000\040\000D\000a\000t\000e\000n\000e\000l\000e\000m\000e\000n\000t\000e}{subsection.5.6}
\BOOKMARK [3][-]{subsubsection.5.6.4}{\376\377\000D\000o\000k\000u\000m\000e\000n\000t\000a\000t\000i\000o\000n\000\040\000d\000e\000r\000\040\000P\000r\000o\000p\000e\000r\000t\000y\000s}{subsection.5.6}
\BOOKMARK [2][-]{subsection.5.7}{\376\377\000C\000S\000R\000o\000u\000t\000e\000V\000i\000e\000w\000\040\000K\000l\000a\000s\000s\000e\000n\000r\000e\000f\000e\000r\000e\000n\000z}{section.5}
\BOOKMARK [3][-]{subsubsection.5.7.1}{\376\377\000A\000u\000s\000f\000\374\000h\000r\000l\000i\000c\000h\000e\000\040\000B\000e\000s\000c\000h\000r\000e\000i\000b\000u\000n\000g}{subsection.5.7}
\BOOKMARK [3][-]{subsubsection.5.7.2}{\376\377\000D\000o\000k\000u\000m\000e\000n\000t\000a\000t\000i\000o\000n\000\040\000d\000e\000r\000\040\000E\000l\000e\000m\000e\000n\000t\000f\000u\000n\000k\000t\000i\000o\000n\000e\000n}{subsection.5.7}
\BOOKMARK [3][-]{subsubsection.5.7.3}{\376\377\000D\000o\000k\000u\000m\000e\000n\000t\000a\000t\000i\000o\000n\000\040\000d\000e\000r\000\040\000D\000a\000t\000e\000n\000e\000l\000e\000m\000e\000n\000t\000e}{subsection.5.7}
\BOOKMARK [3][-]{subsubsection.5.7.4}{\376\377\000D\000o\000k\000u\000m\000e\000n\000t\000a\000t\000i\000o\000n\000\040\000d\000e\000r\000\040\000P\000r\000o\000p\000e\000r\000t\000y\000s}{subsection.5.7}
\BOOKMARK [2][-]{subsection.5.8}{\376\377\000C\000S\000R\000o\000u\000t\000e\000V\000i\000e\000w\000I\000n\000t\000e\000r\000n\000a\000l\000\040\000K\000l\000a\000s\000s\000e\000n\000r\000e\000f\000e\000r\000e\000n\000z}{section.5}
\BOOKMARK [3][-]{subsubsection.5.8.1}{\376\377\000A\000u\000s\000f\000\374\000h\000r\000l\000i\000c\000h\000e\000\040\000B\000e\000s\000c\000h\000r\000e\000i\000b\000u\000n\000g}{subsection.5.8}
\BOOKMARK [3][-]{subsubsection.5.8.2}{\376\377\000D\000o\000k\000u\000m\000e\000n\000t\000a\000t\000i\000o\000n\000\040\000d\000e\000r\000\040\000E\000l\000e\000m\000e\000n\000t\000f\000u\000n\000k\000t\000i\000o\000n\000e\000n}{subsection.5.8}
\BOOKMARK [3][-]{subsubsection.5.8.3}{\376\377\000D\000o\000k\000u\000m\000e\000n\000t\000a\000t\000i\000o\000n\000\040\000d\000e\000r\000\040\000D\000a\000t\000e\000n\000e\000l\000e\000m\000e\000n\000t\000e}{subsection.5.8}
\BOOKMARK [3][-]{subsubsection.5.8.4}{\376\377\000D\000o\000k\000u\000m\000e\000n\000t\000a\000t\000i\000o\000n\000\040\000d\000e\000r\000\040\000P\000r\000o\000p\000e\000r\000t\000y\000s}{subsection.5.8}
\BOOKMARK [2][-]{subsection.5.9}{\376\377\000D\000a\000t\000a\000b\000a\000s\000e\000C\000o\000n\000t\000r\000o\000l\000l\000e\000r\000\040\000K\000l\000a\000s\000s\000e\000n\000r\000e\000f\000e\000r\000e\000n\000z}{section.5}
\BOOKMARK [3][-]{subsubsection.5.9.1}{\376\377\000A\000u\000s\000f\000\374\000h\000r\000l\000i\000c\000h\000e\000\040\000B\000e\000s\000c\000h\000r\000e\000i\000b\000u\000n\000g}{subsection.5.9}
\BOOKMARK [3][-]{subsubsection.5.9.2}{\376\377\000D\000o\000k\000u\000m\000e\000n\000t\000a\000t\000i\000o\000n\000\040\000d\000e\000r\000\040\000E\000l\000e\000m\000e\000n\000t\000f\000u\000n\000k\000t\000i\000o\000n\000e\000n}{subsection.5.9}
\BOOKMARK [3][-]{subsubsection.5.9.3}{\376\377\000D\000o\000k\000u\000m\000e\000n\000t\000a\000t\000i\000o\000n\000\040\000d\000e\000r\000\040\000P\000r\000o\000p\000e\000r\000t\000y\000s}{subsection.5.9}
\BOOKMARK [2][-]{subsection.5.10}{\376\377\000D\000r\000a\000w\000i\000n\000g\000V\000i\000e\000w\000\040\000K\000l\000a\000s\000s\000e\000n\000r\000e\000f\000e\000r\000e\000n\000z}{section.5}
\BOOKMARK [3][-]{subsubsection.5.10.1}{\376\377\000A\000u\000s\000f\000\374\000h\000r\000l\000i\000c\000h\000e\000\040\000B\000e\000s\000c\000h\000r\000e\000i\000b\000u\000n\000g}{subsection.5.10}
\BOOKMARK [3][-]{subsubsection.5.10.2}{\376\377\000D\000o\000k\000u\000m\000e\000n\000t\000a\000t\000i\000o\000n\000\040\000d\000e\000r\000\040\000P\000r\000o\000p\000e\000r\000t\000y\000s}{subsection.5.10}
\BOOKMARK [2][-]{subsection.5.11}{\376\377\000F\000i\000r\000s\000t\000V\000i\000e\000w\000C\000o\000n\000t\000r\000o\000l\000l\000e\000r\000\040\000K\000l\000a\000s\000s\000e\000n\000r\000e\000f\000e\000r\000e\000n\000z}{section.5}
\BOOKMARK [3][-]{subsubsection.5.11.1}{\376\377\000A\000u\000s\000f\000\374\000h\000r\000l\000i\000c\000h\000e\000\040\000B\000e\000s\000c\000h\000r\000e\000i\000b\000u\000n\000g}{subsection.5.11}
\BOOKMARK [2][-]{subsection.5.12}{\376\377\000G\000P\000S\000C\000a\000l\000c\000u\000l\000a\000t\000o\000r\000\040\000K\000l\000a\000s\000s\000e\000n\000r\000e\000f\000e\000r\000e\000n\000z}{section.5}
\BOOKMARK [3][-]{subsubsection.5.12.1}{\376\377\000A\000u\000s\000f\000\374\000h\000r\000l\000i\000c\000h\000e\000\040\000B\000e\000s\000c\000h\000r\000e\000i\000b\000u\000n\000g}{subsection.5.12}
\BOOKMARK [3][-]{subsubsection.5.12.2}{\376\377\000D\000o\000k\000u\000m\000e\000n\000t\000a\000t\000i\000o\000n\000\040\000d\000e\000r\000\040\000E\000l\000e\000m\000e\000n\000t\000f\000u\000n\000k\000t\000i\000o\000n\000e\000n}{subsection.5.12}
\BOOKMARK [3][-]{subsubsection.5.12.3}{\376\377\000D\000o\000k\000u\000m\000e\000n\000t\000a\000t\000i\000o\000n\000\040\000d\000e\000r\000\040\000P\000r\000o\000p\000e\000r\000t\000y\000s}{subsection.5.12}
\BOOKMARK [2][-]{subsection.5.13}{\376\377\000<\000G\000P\000S\000C\000a\000l\000c\000u\000l\000a\000t\000o\000r\000D\000e\000l\000e\000g\000a\000t\000e\000>\000\040\000P\000r\000o\000t\000o\000k\000o\000l\000l\000r\000e\000f\000e\000r\000e\000n\000z}{section.5}
\BOOKMARK [3][-]{subsubsection.5.13.1}{\376\377\000A\000u\000s\000f\000\374\000h\000r\000l\000i\000c\000h\000e\000\040\000B\000e\000s\000c\000h\000r\000e\000i\000b\000u\000n\000g}{subsection.5.13}
\BOOKMARK [3][-]{subsubsection.5.13.2}{\376\377\000D\000o\000k\000u\000m\000e\000n\000t\000a\000t\000i\000o\000n\000\040\000d\000e\000r\000\040\000E\000l\000e\000m\000e\000n\000t\000f\000u\000n\000k\000t\000i\000o\000n\000e\000n}{subsection.5.13}
\BOOKMARK [2][-]{subsection.5.14}{\376\377\000G\000P\000S\000P\000o\000i\000n\000t\000\040\000K\000l\000a\000s\000s\000e\000n\000r\000e\000f\000e\000r\000e\000n\000z}{section.5}
\BOOKMARK [3][-]{subsubsection.5.14.1}{\376\377\000A\000u\000s\000f\000\374\000h\000r\000l\000i\000c\000h\000e\000\040\000B\000e\000s\000c\000h\000r\000e\000i\000b\000u\000n\000g}{subsection.5.14}
\BOOKMARK [3][-]{subsubsection.5.14.2}{\376\377\000D\000o\000k\000u\000m\000e\000n\000t\000a\000t\000i\000o\000n\000\040\000d\000e\000r\000\040\000E\000l\000e\000m\000e\000n\000t\000f\000u\000n\000k\000t\000i\000o\000n\000e\000n}{subsection.5.14}
\BOOKMARK [3][-]{subsubsection.5.14.3}{\376\377\000D\000o\000k\000u\000m\000e\000n\000t\000a\000t\000i\000o\000n\000\040\000d\000e\000r\000\040\000P\000r\000o\000p\000e\000r\000t\000y\000s}{subsection.5.14}
\BOOKMARK [2][-]{subsection.5.15}{\376\377\000L\000o\000a\000d\000i\000n\000g\000V\000i\000e\000w\000\040\000K\000l\000a\000s\000s\000e\000n\000r\000e\000f\000e\000r\000e\000n\000z}{section.5}
\BOOKMARK [3][-]{subsubsection.5.15.1}{\376\377\000A\000u\000s\000f\000\374\000h\000r\000l\000i\000c\000h\000e\000\040\000B\000e\000s\000c\000h\000r\000e\000i\000b\000u\000n\000g}{subsection.5.15}
\BOOKMARK [3][-]{subsubsection.5.15.2}{\376\377\000D\000o\000k\000u\000m\000e\000n\000t\000a\000t\000i\000o\000n\000\040\000d\000e\000r\000\040\000E\000l\000e\000m\000e\000n\000t\000f\000u\000n\000k\000t\000i\000o\000n\000e\000n}{subsection.5.15}
\BOOKMARK [3][-]{subsubsection.5.15.3}{\376\377\000D\000o\000k\000u\000m\000e\000n\000t\000a\000t\000i\000o\000n\000\040\000d\000e\000r\000\040\000D\000a\000t\000e\000n\000e\000l\000e\000m\000e\000n\000t\000e}{subsection.5.15}
\BOOKMARK [3][-]{subsubsection.5.15.4}{\376\377\000D\000o\000k\000u\000m\000e\000n\000t\000a\000t\000i\000o\000n\000\040\000d\000e\000r\000\040\000P\000r\000o\000p\000e\000r\000t\000y\000s}{subsection.5.15}
\BOOKMARK [2][-]{subsection.5.16}{\376\377\000M\000a\000p\000V\000i\000e\000w\000\040\000K\000l\000a\000s\000s\000e\000n\000r\000e\000f\000e\000r\000e\000n\000z}{section.5}
\BOOKMARK [3][-]{subsubsection.5.16.1}{\376\377\000A\000u\000s\000f\000\374\000h\000r\000l\000i\000c\000h\000e\000\040\000B\000e\000s\000c\000h\000r\000e\000i\000b\000u\000n\000g}{subsection.5.16}
\BOOKMARK [2][-]{subsection.5.17}{\376\377\000M\000a\000p\000V\000i\000e\000w\000C\000o\000n\000t\000r\000o\000l\000l\000e\000r\000\040\000K\000l\000a\000s\000s\000e\000n\000r\000e\000f\000e\000r\000e\000n\000z}{section.5}
\BOOKMARK [3][-]{subsubsection.5.17.1}{\376\377\000A\000u\000s\000f\000\374\000h\000r\000l\000i\000c\000h\000e\000\040\000B\000e\000s\000c\000h\000r\000e\000i\000b\000u\000n\000g}{subsection.5.17}
\BOOKMARK [3][-]{subsubsection.5.17.2}{\376\377\000D\000o\000k\000u\000m\000e\000n\000t\000a\000t\000i\000o\000n\000\040\000d\000e\000r\000\040\000E\000l\000e\000m\000e\000n\000t\000f\000u\000n\000k\000t\000i\000o\000n\000e\000n}{subsection.5.17}
\BOOKMARK [3][-]{subsubsection.5.17.3}{\376\377\000D\000o\000k\000u\000m\000e\000n\000t\000a\000t\000i\000o\000n\000\040\000d\000e\000r\000\040\000D\000a\000t\000e\000n\000e\000l\000e\000m\000e\000n\000t\000e}{subsection.5.17}
\BOOKMARK [3][-]{subsubsection.5.17.4}{\376\377\000D\000o\000k\000u\000m\000e\000n\000t\000a\000t\000i\000o\000n\000\040\000d\000e\000r\000\040\000P\000r\000o\000p\000e\000r\000t\000y\000s}{subsection.5.17}
\BOOKMARK [2][-]{subsection.5.18}{\376\377\000M\000L\000o\000g\000\040\000K\000l\000a\000s\000s\000e\000n\000r\000e\000f\000e\000r\000e\000n\000z}{section.5}
\BOOKMARK [3][-]{subsubsection.5.18.1}{\376\377\000A\000u\000s\000f\000\374\000h\000r\000l\000i\000c\000h\000e\000\040\000B\000e\000s\000c\000h\000r\000e\000i\000b\000u\000n\000g}{subsection.5.18}
\BOOKMARK [3][-]{subsubsection.5.18.2}{\376\377\000D\000o\000k\000u\000m\000e\000n\000t\000a\000t\000i\000o\000n\000\040\000d\000e\000r\000\040\000E\000l\000e\000m\000e\000n\000t\000f\000u\000n\000k\000t\000i\000o\000n\000e\000n}{subsection.5.18}
\BOOKMARK [2][-]{subsection.5.19}{\376\377\000P\000O\000I\000\040\000K\000l\000a\000s\000s\000e\000n\000r\000e\000f\000e\000r\000e\000n\000z}{section.5}
\BOOKMARK [3][-]{subsubsection.5.19.1}{\376\377\000A\000u\000s\000f\000\374\000h\000r\000l\000i\000c\000h\000e\000\040\000B\000e\000s\000c\000h\000r\000e\000i\000b\000u\000n\000g}{subsection.5.19}
\BOOKMARK [3][-]{subsubsection.5.19.2}{\376\377\000D\000o\000k\000u\000m\000e\000n\000t\000a\000t\000i\000o\000n\000\040\000d\000e\000r\000\040\000E\000l\000e\000m\000e\000n\000t\000f\000u\000n\000k\000t\000i\000o\000n\000e\000n}{subsection.5.19}
\BOOKMARK [3][-]{subsubsection.5.19.3}{\376\377\000D\000o\000k\000u\000m\000e\000n\000t\000a\000t\000i\000o\000n\000\040\000d\000e\000r\000\040\000P\000r\000o\000p\000e\000r\000t\000y\000s}{subsection.5.19}
\BOOKMARK [2][-]{subsection.5.20}{\376\377\000P\000O\000I\000D\000e\000t\000a\000i\000l\000s\000V\000i\000e\000w\000C\000o\000n\000t\000r\000o\000l\000l\000e\000r\000\040\000K\000l\000a\000s\000s\000e\000n\000r\000e\000f\000e\000r\000e\000n\000z}{section.5}
\BOOKMARK [3][-]{subsubsection.5.20.1}{\376\377\000A\000u\000s\000f\000\374\000h\000r\000l\000i\000c\000h\000e\000\040\000B\000e\000s\000c\000h\000r\000e\000i\000b\000u\000n\000g}{subsection.5.20}
\BOOKMARK [3][-]{subsubsection.5.20.2}{\376\377\000D\000o\000k\000u\000m\000e\000n\000t\000a\000t\000i\000o\000n\000\040\000d\000e\000r\000\040\000E\000l\000e\000m\000e\000n\000t\000f\000u\000n\000k\000t\000i\000o\000n\000e\000n}{subsection.5.20}
\BOOKMARK [3][-]{subsubsection.5.20.3}{\376\377\000D\000o\000k\000u\000m\000e\000n\000t\000a\000t\000i\000o\000n\000\040\000d\000e\000r\000\040\000D\000a\000t\000e\000n\000e\000l\000e\000m\000e\000n\000t\000e}{subsection.5.20}
\BOOKMARK [3][-]{subsubsection.5.20.4}{\376\377\000D\000o\000k\000u\000m\000e\000n\000t\000a\000t\000i\000o\000n\000\040\000d\000e\000r\000\040\000P\000r\000o\000p\000e\000r\000t\000y\000s}{subsection.5.20}
\BOOKMARK [2][-]{subsection.5.21}{\376\377\000P\000O\000I\000L\000i\000s\000t\000V\000i\000e\000w\000C\000o\000n\000t\000r\000o\000l\000l\000e\000r\000\040\000K\000l\000a\000s\000s\000e\000n\000r\000e\000f\000e\000r\000e\000n\000z}{section.5}
\BOOKMARK [3][-]{subsubsection.5.21.1}{\376\377\000A\000u\000s\000f\000\374\000h\000r\000l\000i\000c\000h\000e\000\040\000B\000e\000s\000c\000h\000r\000e\000i\000b\000u\000n\000g}{subsection.5.21}
\BOOKMARK [3][-]{subsubsection.5.21.2}{\376\377\000D\000o\000k\000u\000m\000e\000n\000t\000a\000t\000i\000o\000n\000\040\000d\000e\000r\000\040\000D\000a\000t\000e\000n\000e\000l\000e\000m\000e\000n\000t\000e}{subsection.5.21}
\BOOKMARK [3][-]{subsubsection.5.21.3}{\376\377\000D\000o\000k\000u\000m\000e\000n\000t\000a\000t\000i\000o\000n\000\040\000d\000e\000r\000\040\000P\000r\000o\000p\000e\000r\000t\000y\000s}{subsection.5.21}
\BOOKMARK [2][-]{subsection.5.22}{\376\377\000R\000o\000u\000t\000e\000\040\000K\000l\000a\000s\000s\000e\000n\000r\000e\000f\000e\000r\000e\000n\000z}{section.5}
\BOOKMARK [3][-]{subsubsection.5.22.1}{\376\377\000A\000u\000s\000f\000\374\000h\000r\000l\000i\000c\000h\000e\000\040\000B\000e\000s\000c\000h\000r\000e\000i\000b\000u\000n\000g}{subsection.5.22}
\BOOKMARK [3][-]{subsubsection.5.22.2}{\376\377\000D\000o\000k\000u\000m\000e\000n\000t\000a\000t\000i\000o\000n\000\040\000d\000e\000r\000\040\000P\000r\000o\000p\000e\000r\000t\000y\000s}{subsection.5.22}
\BOOKMARK [2][-]{subsection.5.23}{\376\377\000R\000o\000u\000t\000e\000A\000r\000r\000o\000w\000\040\000K\000l\000a\000s\000s\000e\000n\000r\000e\000f\000e\000r\000e\000n\000z}{section.5}
\BOOKMARK [3][-]{subsubsection.5.23.1}{\376\377\000A\000u\000s\000f\000\374\000h\000r\000l\000i\000c\000h\000e\000\040\000B\000e\000s\000c\000h\000r\000e\000i\000b\000u\000n\000g}{subsection.5.23}
\BOOKMARK [3][-]{subsubsection.5.23.2}{\376\377\000D\000o\000k\000u\000m\000e\000n\000t\000a\000t\000i\000o\000n\000\040\000d\000e\000r\000\040\000E\000l\000e\000m\000e\000n\000t\000f\000u\000n\000k\000t\000i\000o\000n\000e\000n}{subsection.5.23}
\BOOKMARK [3][-]{subsubsection.5.23.3}{\376\377\000D\000o\000k\000u\000m\000e\000n\000t\000a\000t\000i\000o\000n\000\040\000d\000e\000r\000\040\000P\000r\000o\000p\000e\000r\000t\000y\000s}{subsection.5.23}
\BOOKMARK [2][-]{subsection.5.24}{\376\377\000R\000o\000u\000t\000e\000P\000o\000i\000n\000t\000\040\000K\000l\000a\000s\000s\000e\000n\000r\000e\000f\000e\000r\000e\000n\000z}{section.5}
\BOOKMARK [3][-]{subsubsection.5.24.1}{\376\377\000A\000u\000s\000f\000\374\000h\000r\000l\000i\000c\000h\000e\000\040\000B\000e\000s\000c\000h\000r\000e\000i\000b\000u\000n\000g}{subsection.5.24}
\BOOKMARK [3][-]{subsubsection.5.24.2}{\376\377\000D\000o\000k\000u\000m\000e\000n\000t\000a\000t\000i\000o\000n\000\040\000d\000e\000r\000\040\000E\000l\000e\000m\000e\000n\000t\000f\000u\000n\000k\000t\000i\000o\000n\000e\000n}{subsection.5.24}
\BOOKMARK [3][-]{subsubsection.5.24.3}{\376\377\000D\000o\000k\000u\000m\000e\000n\000t\000a\000t\000i\000o\000n\000\040\000d\000e\000r\000\040\000P\000r\000o\000p\000e\000r\000t\000y\000s}{subsection.5.24}
\BOOKMARK [2][-]{subsection.5.25}{\376\377\000R\000o\000u\000t\000e\000s\000V\000i\000e\000w\000C\000o\000n\000t\000r\000o\000l\000l\000e\000r\000\040\000K\000l\000a\000s\000s\000e\000n\000r\000e\000f\000e\000r\000e\000n\000z}{section.5}
\BOOKMARK [3][-]{subsubsection.5.25.1}{\376\377\000A\000u\000s\000f\000\374\000h\000r\000l\000i\000c\000h\000e\000\040\000B\000e\000s\000c\000h\000r\000e\000i\000b\000u\000n\000g}{subsection.5.25}
\BOOKMARK [3][-]{subsubsection.5.25.2}{\376\377\000D\000o\000k\000u\000m\000e\000n\000t\000a\000t\000i\000o\000n\000\040\000d\000e\000r\000\040\000E\000l\000e\000m\000e\000n\000t\000f\000u\000n\000k\000t\000i\000o\000n\000e\000n}{subsection.5.25}
\BOOKMARK [3][-]{subsubsection.5.25.3}{\376\377\000D\000o\000k\000u\000m\000e\000n\000t\000a\000t\000i\000o\000n\000\040\000d\000e\000r\000\040\000D\000a\000t\000e\000n\000e\000l\000e\000m\000e\000n\000t\000e}{subsection.5.25}
\BOOKMARK [3][-]{subsubsection.5.25.4}{\376\377\000D\000o\000k\000u\000m\000e\000n\000t\000a\000t\000i\000o\000n\000\040\000d\000e\000r\000\040\000P\000r\000o\000p\000e\000r\000t\000y\000s}{subsection.5.25}
\BOOKMARK [2][-]{subsection.5.26}{\376\377\000S\000e\000t\000t\000i\000n\000g\000s\000G\000P\000S\000S\000t\000a\000t\000u\000s\000D\000e\000t\000a\000i\000l\000s\000V\000i\000e\000w\000C\000o\000n\000t\000r\000o\000l\000l\000e\000r\000\040\000K\000l\000a\000s\000s\000e\000n\000r\000e\000f\000e\000r\000e\000n\000z}{section.5}
\BOOKMARK [3][-]{subsubsection.5.26.1}{\376\377\000A\000u\000s\000f\000\374\000h\000r\000l\000i\000c\000h\000e\000\040\000B\000e\000s\000c\000h\000r\000e\000i\000b\000u\000n\000g}{subsection.5.26}
\BOOKMARK [3][-]{subsubsection.5.26.2}{\376\377\000D\000o\000k\000u\000m\000e\000n\000t\000a\000t\000i\000o\000n\000\040\000d\000e\000r\000\040\000P\000r\000o\000p\000e\000r\000t\000y\000s}{subsection.5.26}
\BOOKMARK [2][-]{subsection.5.27}{\376\377\000S\000e\000t\000t\000i\000n\000g\000s\000V\000i\000e\000w\000C\000o\000n\000t\000r\000o\000l\000l\000e\000r\000\040\000K\000l\000a\000s\000s\000e\000n\000r\000e\000f\000e\000r\000e\000n\000z}{section.5}
\BOOKMARK [3][-]{subsubsection.5.27.1}{\376\377\000A\000u\000s\000f\000\374\000h\000r\000l\000i\000c\000h\000e\000\040\000B\000e\000s\000c\000h\000r\000e\000i\000b\000u\000n\000g}{subsection.5.27}
\BOOKMARK [3][-]{subsubsection.5.27.2}{\376\377\000D\000o\000k\000u\000m\000e\000n\000t\000a\000t\000i\000o\000n\000\040\000d\000e\000r\000\040\000E\000l\000e\000m\000e\000n\000t\000f\000u\000n\000k\000t\000i\000o\000n\000e\000n}{subsection.5.27}
\BOOKMARK [3][-]{subsubsection.5.27.3}{\376\377\000D\000o\000k\000u\000m\000e\000n\000t\000a\000t\000i\000o\000n\000\040\000d\000e\000r\000\040\000D\000a\000t\000e\000n\000e\000l\000e\000m\000e\000n\000t\000e}{subsection.5.27}
\BOOKMARK [3][-]{subsubsection.5.27.4}{\376\377\000D\000o\000k\000u\000m\000e\000n\000t\000a\000t\000i\000o\000n\000\040\000d\000e\000r\000\040\000P\000r\000o\000p\000e\000r\000t\000y\000s}{subsection.5.27}
\BOOKMARK [2][-]{subsection.5.28}{\376\377\000S\000o\000u\000n\000d\000C\000i\000t\000y\000A\000p\000p\000D\000e\000l\000e\000g\000a\000t\000e\000\040\000K\000l\000a\000s\000s\000e\000n\000r\000e\000f\000e\000r\000e\000n\000z}{section.5}
\BOOKMARK [3][-]{subsubsection.5.28.1}{\376\377\000A\000u\000s\000f\000\374\000h\000r\000l\000i\000c\000h\000e\000\040\000B\000e\000s\000c\000h\000r\000e\000i\000b\000u\000n\000g}{subsection.5.28}
\BOOKMARK [3][-]{subsubsection.5.28.2}{\376\377\000D\000o\000k\000u\000m\000e\000n\000t\000a\000t\000i\000o\000n\000\040\000d\000e\000r\000\040\000E\000l\000e\000m\000e\000n\000t\000f\000u\000n\000k\000t\000i\000o\000n\000e\000n}{subsection.5.28}
\BOOKMARK [3][-]{subsubsection.5.28.3}{\376\377\000D\000o\000k\000u\000m\000e\000n\000t\000a\000t\000i\000o\000n\000\040\000d\000e\000r\000\040\000D\000a\000t\000e\000n\000e\000l\000e\000m\000e\000n\000t\000e}{subsection.5.28}
\BOOKMARK [3][-]{subsubsection.5.28.4}{\376\377\000D\000o\000k\000u\000m\000e\000n\000t\000a\000t\000i\000o\000n\000\040\000d\000e\000r\000\040\000P\000r\000o\000p\000e\000r\000t\000y\000s}{subsection.5.28}
\BOOKMARK [2][-]{subsection.5.29}{\376\377\000S\000o\000u\000n\000d\000C\000o\000n\000t\000r\000o\000l\000l\000e\000r\000\040\000K\000l\000a\000s\000s\000e\000n\000r\000e\000f\000e\000r\000e\000n\000z}{section.5}
\BOOKMARK [3][-]{subsubsection.5.29.1}{\376\377\000A\000u\000s\000f\000\374\000h\000r\000l\000i\000c\000h\000e\000\040\000B\000e\000s\000c\000h\000r\000e\000i\000b\000u\000n\000g}{subsection.5.29}
\BOOKMARK [3][-]{subsubsection.5.29.2}{\376\377\000D\000o\000k\000u\000m\000e\000n\000t\000a\000t\000i\000o\000n\000\040\000d\000e\000r\000\040\000E\000l\000e\000m\000e\000n\000t\000f\000u\000n\000k\000t\000i\000o\000n\000e\000n}{subsection.5.29}
\BOOKMARK [3][-]{subsubsection.5.29.3}{\376\377\000D\000o\000k\000u\000m\000e\000n\000t\000a\000t\000i\000o\000n\000\040\000d\000e\000r\000\040\000D\000a\000t\000e\000n\000e\000l\000e\000m\000e\000n\000t\000e}{subsection.5.29}
\BOOKMARK [3][-]{subsubsection.5.29.4}{\376\377\000D\000o\000k\000u\000m\000e\000n\000t\000a\000t\000i\000o\000n\000\040\000d\000e\000r\000\040\000P\000r\000o\000p\000e\000r\000t\000y\000s}{subsection.5.29}
\BOOKMARK [2][-]{subsection.5.30}{\376\377\000S\000o\000u\000n\000d\000S\000t\000r\000e\000a\000m\000C\000o\000n\000t\000r\000o\000l\000l\000e\000r\000\040\000K\000l\000a\000s\000s\000e\000n\000r\000e\000f\000e\000r\000e\000n\000z}{section.5}
\BOOKMARK [3][-]{subsubsection.5.30.1}{\376\377\000A\000u\000s\000f\000\374\000h\000r\000l\000i\000c\000h\000e\000\040\000B\000e\000s\000c\000h\000r\000e\000i\000b\000u\000n\000g}{subsection.5.30}
\BOOKMARK [2][-]{subsection.5.31}{\376\377\000T\000r\000a\000c\000k\000R\000o\000u\000t\000e\000S\000a\000v\000e\000V\000i\000e\000w\000C\000o\000n\000t\000r\000o\000l\000l\000e\000r\000\040\000K\000l\000a\000s\000s\000e\000n\000r\000e\000f\000e\000r\000e\000n\000z}{section.5}
\BOOKMARK [3][-]{subsubsection.5.31.1}{\376\377\000A\000u\000s\000f\000\374\000h\000r\000l\000i\000c\000h\000e\000\040\000B\000e\000s\000c\000h\000r\000e\000i\000b\000u\000n\000g}{subsection.5.31}
\BOOKMARK [3][-]{subsubsection.5.31.2}{\376\377\000D\000o\000k\000u\000m\000e\000n\000t\000a\000t\000i\000o\000n\000\040\000d\000e\000r\000\040\000P\000r\000o\000p\000e\000r\000t\000y\000s}{subsection.5.31}
\BOOKMARK [2][-]{subsection.5.32}{\376\377\000T\000r\000a\000c\000k\000R\000o\000u\000t\000e\000V\000i\000e\000w\000C\000o\000n\000t\000r\000o\000l\000l\000e\000r\000\040\000K\000l\000a\000s\000s\000e\000n\000r\000e\000f\000e\000r\000e\000n\000z}{section.5}
\BOOKMARK [3][-]{subsubsection.5.32.1}{\376\377\000A\000u\000s\000f\000\374\000h\000r\000l\000i\000c\000h\000e\000\040\000B\000e\000s\000c\000h\000r\000e\000i\000b\000u\000n\000g}{subsection.5.32}
\BOOKMARK [3][-]{subsubsection.5.32.2}{\376\377\000D\000o\000k\000u\000m\000e\000n\000t\000a\000t\000i\000o\000n\000\040\000d\000e\000r\000\040\000E\000l\000e\000m\000e\000n\000t\000f\000u\000n\000k\000t\000i\000o\000n\000e\000n}{subsection.5.32}
\BOOKMARK [3][-]{subsubsection.5.32.3}{\376\377\000D\000o\000k\000u\000m\000e\000n\000t\000a\000t\000i\000o\000n\000\040\000d\000e\000r\000\040\000D\000a\000t\000e\000n\000e\000l\000e\000m\000e\000n\000t\000e}{subsection.5.32}
\BOOKMARK [3][-]{subsubsection.5.32.4}{\376\377\000D\000o\000k\000u\000m\000e\000n\000t\000a\000t\000i\000o\000n\000\040\000d\000e\000r\000\040\000P\000r\000o\000p\000e\000r\000t\000y\000s}{subsection.5.32}
\BOOKMARK [2][-]{subsection.5.33}{\376\377\000V\000i\000d\000e\000o\000P\000l\000a\000y\000e\000r\000\040\000K\000l\000a\000s\000s\000e\000n\000r\000e\000f\000e\000r\000e\000n\000z}{section.5}
\BOOKMARK [3][-]{subsubsection.5.33.1}{\376\377\000A\000u\000s\000f\000\374\000h\000r\000l\000i\000c\000h\000e\000\040\000B\000e\000s\000c\000h\000r\000e\000i\000b\000u\000n\000g}{subsection.5.33}
\BOOKMARK [3][-]{subsubsection.5.33.2}{\376\377\000D\000o\000k\000u\000m\000e\000n\000t\000a\000t\000i\000o\000n\000\040\000d\000e\000r\000\040\000E\000l\000e\000m\000e\000n\000t\000f\000u\000n\000k\000t\000i\000o\000n\000e\000n}{subsection.5.33}
\BOOKMARK [3][-]{subsubsection.5.33.3}{\376\377\000D\000o\000k\000u\000m\000e\000n\000t\000a\000t\000i\000o\000n\000\040\000d\000e\000r\000\040\000P\000r\000o\000p\000e\000r\000t\000y\000s}{subsection.5.33}
\BOOKMARK [2][-]{subsection.5.34}{\376\377\000X\000M\000L\000P\000a\000r\000s\000e\000r\000\040\000K\000l\000a\000s\000s\000e\000n\000r\000e\000f\000e\000r\000e\000n\000z}{section.5}
\BOOKMARK [3][-]{subsubsection.5.34.1}{\376\377\000A\000u\000s\000f\000\374\000h\000r\000l\000i\000c\000h\000e\000\040\000B\000e\000s\000c\000h\000r\000e\000i\000b\000u\000n\000g}{subsection.5.34}
\BOOKMARK [3][-]{subsubsection.5.34.2}{\376\377\000D\000o\000k\000u\000m\000e\000n\000t\000a\000t\000i\000o\000n\000\040\000d\000e\000r\000\040\000E\000l\000e\000m\000e\000n\000t\000f\000u\000n\000k\000t\000i\000o\000n\000e\000n}{subsection.5.34}
\BOOKMARK [3][-]{subsubsection.5.34.3}{\376\377\000D\000o\000k\000u\000m\000e\000n\000t\000a\000t\000i\000o\000n\000\040\000d\000e\000r\000\040\000D\000a\000t\000e\000n\000e\000l\000e\000m\000e\000n\000t\000e}{subsection.5.34}
\BOOKMARK [3][-]{subsubsection.5.34.4}{\376\377\000D\000o\000k\000u\000m\000e\000n\000t\000a\000t\000i\000o\000n\000\040\000d\000e\000r\000\040\000P\000r\000o\000p\000e\000r\000t\000y\000s}{subsection.5.34}
\BOOKMARK [1][-]{section.6}{\376\377\000D\000a\000t\000e\000i\000-\000D\000o\000k\000u\000m\000e\000n\000t\000a\000t\000i\000o\000n}{}
\BOOKMARK [2][-]{subsection.6.1}{\376\377\000A\000d\000d\000G\000P\000S\000P\000o\000i\000n\000t\000C\000o\000n\000t\000r\000o\000l\000l\000e\000r\000.\000h\000-\000D\000a\000t\000e\000i\000r\000e\000f\000e\000r\000e\000n\000z}{section.6}
\BOOKMARK [2][-]{subsection.6.2}{\376\377\000A\000d\000d\000G\000P\000S\000P\000o\000i\000n\000t\000C\000o\000n\000t\000r\000o\000l\000l\000e\000r\000.\000m\000-\000D\000a\000t\000e\000i\000r\000e\000f\000e\000r\000e\000n\000z}{section.6}
\BOOKMARK [2][-]{subsection.6.3}{\376\377\000C\000l\000a\000s\000s\000e\000s\000/\000A\000p\000p\000S\000e\000t\000t\000i\000n\000g\000s\000.\000h\000-\000D\000a\000t\000e\000i\000r\000e\000f\000e\000r\000e\000n\000z}{section.6}
\BOOKMARK [2][-]{subsection.6.4}{\376\377\000C\000l\000a\000s\000s\000e\000s\000/\000A\000p\000p\000S\000e\000t\000t\000i\000n\000g\000s\000.\000m\000-\000D\000a\000t\000e\000i\000r\000e\000f\000e\000r\000e\000n\000z}{section.6}
\BOOKMARK [2][-]{subsection.6.5}{\376\377\000C\000l\000a\000s\000s\000e\000s\000/\000A\000u\000d\000i\000o\000O\000n\000M\000a\000p\000V\000i\000e\000w\000C\000o\000n\000t\000r\000o\000l\000l\000e\000r\000.\000h\000-\000D\000a\000t\000e\000i\000r\000e\000f\000e\000r\000e\000n\000z}{section.6}
\BOOKMARK [2][-]{subsection.6.6}{\376\377\000C\000l\000a\000s\000s\000e\000s\000/\000A\000u\000d\000i\000o\000O\000n\000M\000a\000p\000V\000i\000e\000w\000C\000o\000n\000t\000r\000o\000l\000l\000e\000r\000.\000m\000-\000D\000a\000t\000e\000i\000r\000e\000f\000e\000r\000e\000n\000z}{section.6}
\BOOKMARK [2][-]{subsection.6.7}{\376\377\000C\000l\000a\000s\000s\000e\000s\000/\000C\000S\000I\000m\000a\000g\000e\000A\000n\000n\000o\000t\000a\000t\000i\000o\000n\000V\000i\000e\000w\000.\000h\000-\000D\000a\000t\000e\000i\000r\000e\000f\000e\000r\000e\000n\000z}{section.6}
\BOOKMARK [2][-]{subsection.6.8}{\376\377\000C\000l\000a\000s\000s\000e\000s\000/\000C\000S\000I\000m\000a\000g\000e\000A\000n\000n\000o\000t\000a\000t\000i\000o\000n\000V\000i\000e\000w\000.\000m\000-\000D\000a\000t\000e\000i\000r\000e\000f\000e\000r\000e\000n\000z}{section.6}
\BOOKMARK [3][-]{subsubsection.6.8.1}{\376\377\000M\000a\000k\000r\000o\000-\000D\000o\000k\000u\000m\000e\000n\000t\000a\000t\000i\000o\000n}{subsection.6.8}
\BOOKMARK [2][-]{subsection.6.9}{\376\377\000C\000l\000a\000s\000s\000e\000s\000/\000C\000S\000M\000a\000p\000A\000n\000n\000o\000t\000a\000t\000i\000o\000n\000.\000h\000-\000D\000a\000t\000e\000i\000r\000e\000f\000e\000r\000e\000n\000z}{section.6}
\BOOKMARK [3][-]{subsubsection.6.9.1}{\376\377\000D\000o\000k\000u\000m\000e\000n\000t\000a\000t\000i\000o\000n\000\040\000d\000e\000r\000\040\000A\000u\000f\000z\000\344\000h\000l\000u\000n\000g\000s\000t\000y\000p\000e\000n}{subsection.6.9}
\BOOKMARK [2][-]{subsection.6.10}{\376\377\000C\000l\000a\000s\000s\000e\000s\000/\000C\000S\000M\000a\000p\000A\000n\000n\000o\000t\000a\000t\000i\000o\000n\000.\000m\000-\000D\000a\000t\000e\000i\000r\000e\000f\000e\000r\000e\000n\000z}{section.6}
\BOOKMARK [2][-]{subsection.6.11}{\376\377\000C\000l\000a\000s\000s\000e\000s\000/\000C\000S\000R\000o\000u\000t\000e\000A\000n\000n\000o\000t\000a\000t\000i\000o\000n\000.\000h\000-\000D\000a\000t\000e\000i\000r\000e\000f\000e\000r\000e\000n\000z}{section.6}
\BOOKMARK [2][-]{subsection.6.12}{\376\377\000C\000l\000a\000s\000s\000e\000s\000/\000C\000S\000R\000o\000u\000t\000e\000A\000n\000n\000o\000t\000a\000t\000i\000o\000n\000.\000m\000-\000D\000a\000t\000e\000i\000r\000e\000f\000e\000r\000e\000n\000z}{section.6}
\BOOKMARK [2][-]{subsection.6.13}{\376\377\000C\000l\000a\000s\000s\000e\000s\000/\000C\000S\000R\000o\000u\000t\000e\000V\000i\000e\000w\000.\000h\000-\000D\000a\000t\000e\000i\000r\000e\000f\000e\000r\000e\000n\000z}{section.6}
\BOOKMARK [2][-]{subsection.6.14}{\376\377\000C\000l\000a\000s\000s\000e\000s\000/\000C\000S\000R\000o\000u\000t\000e\000V\000i\000e\000w\000.\000m\000-\000D\000a\000t\000e\000i\000r\000e\000f\000e\000r\000e\000n\000z}{section.6}
\BOOKMARK [2][-]{subsection.6.15}{\376\377\000C\000l\000a\000s\000s\000e\000s\000/\000D\000a\000t\000a\000b\000a\000s\000e\000C\000o\000n\000t\000r\000o\000l\000l\000e\000r\000.\000h\000-\000D\000a\000t\000e\000i\000r\000e\000f\000e\000r\000e\000n\000z}{section.6}
\BOOKMARK [2][-]{subsection.6.16}{\376\377\000C\000l\000a\000s\000s\000e\000s\000/\000D\000a\000t\000a\000b\000a\000s\000e\000C\000o\000n\000t\000r\000o\000l\000l\000e\000r\000.\000m\000-\000D\000a\000t\000e\000i\000r\000e\000f\000e\000r\000e\000n\000z}{section.6}
\BOOKMARK [2][-]{subsection.6.17}{\376\377\000C\000l\000a\000s\000s\000e\000s\000/\000F\000i\000r\000s\000t\000V\000i\000e\000w\000C\000o\000n\000t\000r\000o\000l\000l\000e\000r\000.\000h\000-\000D\000a\000t\000e\000i\000r\000e\000f\000e\000r\000e\000n\000z}{section.6}
\BOOKMARK [2][-]{subsection.6.18}{\376\377\000C\000l\000a\000s\000s\000e\000s\000/\000F\000i\000r\000s\000t\000V\000i\000e\000w\000C\000o\000n\000t\000r\000o\000l\000l\000e\000r\000.\000m\000-\000D\000a\000t\000e\000i\000r\000e\000f\000e\000r\000e\000n\000z}{section.6}
\BOOKMARK [2][-]{subsection.6.19}{\376\377\000C\000l\000a\000s\000s\000e\000s\000/\000G\000P\000S\000C\000a\000l\000c\000u\000l\000a\000t\000o\000r\000.\000h\000-\000D\000a\000t\000e\000i\000r\000e\000f\000e\000r\000e\000n\000z}{section.6}
\BOOKMARK [2][-]{subsection.6.20}{\376\377\000C\000l\000a\000s\000s\000e\000s\000/\000G\000P\000S\000C\000a\000l\000c\000u\000l\000a\000t\000o\000r\000.\000m\000-\000D\000a\000t\000e\000i\000r\000e\000f\000e\000r\000e\000n\000z}{section.6}
\BOOKMARK [2][-]{subsection.6.21}{\376\377\000C\000l\000a\000s\000s\000e\000s\000/\000G\000P\000S\000P\000o\000i\000n\000t\000.\000h\000-\000D\000a\000t\000e\000i\000r\000e\000f\000e\000r\000e\000n\000z}{section.6}
\BOOKMARK [2][-]{subsection.6.22}{\376\377\000C\000l\000a\000s\000s\000e\000s\000/\000G\000P\000S\000P\000o\000i\000n\000t\000.\000m\000-\000D\000a\000t\000e\000i\000r\000e\000f\000e\000r\000e\000n\000z}{section.6}
\BOOKMARK [2][-]{subsection.6.23}{\376\377\000C\000l\000a\000s\000s\000e\000s\000/\000L\000o\000a\000d\000i\000n\000g\000V\000i\000e\000w\000.\000h\000-\000D\000a\000t\000e\000i\000r\000e\000f\000e\000r\000e\000n\000z}{section.6}
\BOOKMARK [2][-]{subsection.6.24}{\376\377\000C\000l\000a\000s\000s\000e\000s\000/\000L\000o\000a\000d\000i\000n\000g\000V\000i\000e\000w\000.\000m\000-\000D\000a\000t\000e\000i\000r\000e\000f\000e\000r\000e\000n\000z}{section.6}
\BOOKMARK [2][-]{subsection.6.25}{\376\377\000C\000l\000a\000s\000s\000e\000s\000/\000M\000a\000p\000V\000i\000e\000w\000C\000o\000n\000t\000r\000o\000l\000l\000e\000r\000.\000h\000-\000D\000a\000t\000e\000i\000r\000e\000f\000e\000r\000e\000n\000z}{section.6}
\BOOKMARK [2][-]{subsection.6.26}{\376\377\000C\000l\000a\000s\000s\000e\000s\000/\000M\000a\000p\000V\000i\000e\000w\000C\000o\000n\000t\000r\000o\000l\000l\000e\000r\000.\000m\000-\000D\000a\000t\000e\000i\000r\000e\000f\000e\000r\000e\000n\000z}{section.6}
\BOOKMARK [3][-]{subsubsection.6.26.1}{\376\377\000M\000a\000k\000r\000o\000-\000D\000o\000k\000u\000m\000e\000n\000t\000a\000t\000i\000o\000n}{subsection.6.26}
\BOOKMARK [2][-]{subsection.6.27}{\376\377\000C\000l\000a\000s\000s\000e\000s\000/\000M\000L\000o\000g\000.\000h\000-\000D\000a\000t\000e\000i\000r\000e\000f\000e\000r\000e\000n\000z}{section.6}
\BOOKMARK [2][-]{subsection.6.28}{\376\377\000C\000l\000a\000s\000s\000e\000s\000/\000M\000L\000o\000g\000.\000m\000-\000D\000a\000t\000e\000i\000r\000e\000f\000e\000r\000e\000n\000z}{section.6}
\BOOKMARK [2][-]{subsection.6.29}{\376\377\000C\000l\000a\000s\000s\000e\000s\000/\000P\000O\000I\000.\000h\000-\000D\000a\000t\000e\000i\000r\000e\000f\000e\000r\000e\000n\000z}{section.6}
\BOOKMARK [2][-]{subsection.6.30}{\376\377\000C\000l\000a\000s\000s\000e\000s\000/\000P\000O\000I\000.\000m\000-\000D\000a\000t\000e\000i\000r\000e\000f\000e\000r\000e\000n\000z}{section.6}
\BOOKMARK [3][-]{subsubsection.6.30.1}{\376\377\000M\000a\000k\000r\000o\000-\000D\000o\000k\000u\000m\000e\000n\000t\000a\000t\000i\000o\000n}{subsection.6.30}
\BOOKMARK [2][-]{subsection.6.31}{\376\377\000C\000l\000a\000s\000s\000e\000s\000/\000R\000o\000u\000t\000e\000.\000h\000-\000D\000a\000t\000e\000i\000r\000e\000f\000e\000r\000e\000n\000z}{section.6}
\BOOKMARK [2][-]{subsection.6.32}{\376\377\000C\000l\000a\000s\000s\000e\000s\000/\000R\000o\000u\000t\000e\000.\000m\000-\000D\000a\000t\000e\000i\000r\000e\000f\000e\000r\000e\000n\000z}{section.6}
\BOOKMARK [2][-]{subsection.6.33}{\376\377\000C\000l\000a\000s\000s\000e\000s\000/\000R\000o\000u\000t\000e\000A\000r\000r\000o\000w\000.\000h\000-\000D\000a\000t\000e\000i\000r\000e\000f\000e\000r\000e\000n\000z}{section.6}
\BOOKMARK [2][-]{subsection.6.34}{\376\377\000C\000l\000a\000s\000s\000e\000s\000/\000R\000o\000u\000t\000e\000A\000r\000r\000o\000w\000.\000m\000-\000D\000a\000t\000e\000i\000r\000e\000f\000e\000r\000e\000n\000z}{section.6}
\BOOKMARK [2][-]{subsection.6.35}{\376\377\000C\000l\000a\000s\000s\000e\000s\000/\000R\000o\000u\000t\000e\000P\000o\000i\000n\000t\000.\000h\000-\000D\000a\000t\000e\000i\000r\000e\000f\000e\000r\000e\000n\000z}{section.6}
\BOOKMARK [2][-]{subsection.6.36}{\376\377\000C\000l\000a\000s\000s\000e\000s\000/\000R\000o\000u\000t\000e\000P\000o\000i\000n\000t\000.\000m\000-\000D\000a\000t\000e\000i\000r\000e\000f\000e\000r\000e\000n\000z}{section.6}
\BOOKMARK [2][-]{subsection.6.37}{\376\377\000C\000l\000a\000s\000s\000e\000s\000/\000S\000e\000t\000t\000i\000n\000g\000s\000G\000P\000S\000S\000t\000a\000t\000u\000s\000D\000e\000t\000a\000i\000l\000s\000V\000i\000e\000w\000C\000o\000n\000t\000r\000o\000l\000l\000e\000r\000.\000h\000-\000D\000a\000t\000e\000i\000r\000e\000f\000e\000r\000e\000n\000z}{section.6}
\BOOKMARK [2][-]{subsection.6.38}{\376\377\000C\000l\000a\000s\000s\000e\000s\000/\000S\000e\000t\000t\000i\000n\000g\000s\000G\000P\000S\000S\000t\000a\000t\000u\000s\000D\000e\000t\000a\000i\000l\000s\000V\000i\000e\000w\000C\000o\000n\000t\000r\000o\000l\000l\000e\000r\000.\000m\000-\000D\000a\000t\000e\000i\000r\000e\000f\000e\000r\000e\000n\000z}{section.6}
\BOOKMARK [2][-]{subsection.6.39}{\376\377\000C\000l\000a\000s\000s\000e\000s\000/\000S\000o\000u\000n\000d\000C\000i\000t\000y\000A\000p\000p\000D\000e\000l\000e\000g\000a\000t\000e\000.\000h\000-\000D\000a\000t\000e\000i\000r\000e\000f\000e\000r\000e\000n\000z}{section.6}
\BOOKMARK [2][-]{subsection.6.40}{\376\377\000C\000l\000a\000s\000s\000e\000s\000/\000S\000o\000u\000n\000d\000C\000i\000t\000y\000A\000p\000p\000D\000e\000l\000e\000g\000a\000t\000e\000.\000m\000-\000D\000a\000t\000e\000i\000r\000e\000f\000e\000r\000e\000n\000z}{section.6}
\BOOKMARK [3][-]{subsubsection.6.40.1}{\376\377\000M\000a\000k\000r\000o\000-\000D\000o\000k\000u\000m\000e\000n\000t\000a\000t\000i\000o\000n}{subsection.6.40}
\BOOKMARK [2][-]{subsection.6.41}{\376\377\000C\000l\000a\000s\000s\000e\000s\000/\000S\000o\000u\000n\000d\000S\000t\000r\000e\000a\000m\000C\000o\000n\000t\000r\000o\000l\000l\000e\000r\000.\000h\000-\000D\000a\000t\000e\000i\000r\000e\000f\000e\000r\000e\000n\000z}{section.6}
\BOOKMARK [2][-]{subsection.6.42}{\376\377\000C\000l\000a\000s\000s\000e\000s\000/\000S\000o\000u\000n\000d\000S\000t\000r\000e\000a\000m\000C\000o\000n\000t\000r\000o\000l\000l\000e\000r\000.\000m\000-\000D\000a\000t\000e\000i\000r\000e\000f\000e\000r\000e\000n\000z}{section.6}
\BOOKMARK [2][-]{subsection.6.43}{\376\377\000C\000l\000a\000s\000s\000e\000s\000/\000T\000r\000a\000c\000k\000R\000o\000u\000t\000e\000S\000a\000v\000e\000V\000i\000e\000w\000C\000o\000n\000t\000r\000o\000l\000l\000e\000r\000.\000h\000-\000D\000a\000t\000e\000i\000r\000e\000f\000e\000r\000e\000n\000z}{section.6}
\BOOKMARK [2][-]{subsection.6.44}{\376\377\000C\000l\000a\000s\000s\000e\000s\000/\000T\000r\000a\000c\000k\000R\000o\000u\000t\000e\000S\000a\000v\000e\000V\000i\000e\000w\000C\000o\000n\000t\000r\000o\000l\000l\000e\000r\000.\000m\000-\000D\000a\000t\000e\000i\000r\000e\000f\000e\000r\000e\000n\000z}{section.6}
\BOOKMARK [2][-]{subsection.6.45}{\376\377\000C\000l\000a\000s\000s\000e\000s\000/\000T\000r\000a\000c\000k\000R\000o\000u\000t\000e\000V\000i\000e\000w\000C\000o\000n\000t\000r\000o\000l\000l\000e\000r\000.\000h\000-\000D\000a\000t\000e\000i\000r\000e\000f\000e\000r\000e\000n\000z}{section.6}
\BOOKMARK [2][-]{subsection.6.46}{\376\377\000C\000l\000a\000s\000s\000e\000s\000/\000T\000r\000a\000c\000k\000R\000o\000u\000t\000e\000V\000i\000e\000w\000C\000o\000n\000t\000r\000o\000l\000l\000e\000r\000.\000m\000-\000D\000a\000t\000e\000i\000r\000e\000f\000e\000r\000e\000n\000z}{section.6}
\BOOKMARK [3][-]{subsubsection.6.46.1}{\376\377\000M\000a\000k\000r\000o\000-\000D\000o\000k\000u\000m\000e\000n\000t\000a\000t\000i\000o\000n}{subsection.6.46}
\BOOKMARK [3][-]{subsubsection.6.46.2}{\376\377\000V\000a\000r\000i\000a\000b\000l\000e\000n\000-\000D\000o\000k\000u\000m\000e\000n\000t\000a\000t\000i\000o\000n}{subsection.6.46}
\BOOKMARK [2][-]{subsection.6.47}{\376\377\000C\000l\000a\000s\000s\000e\000s\000/\000V\000i\000d\000e\000o\000P\000l\000a\000y\000e\000r\000.\000h\000-\000D\000a\000t\000e\000i\000r\000e\000f\000e\000r\000e\000n\000z}{section.6}
\BOOKMARK [2][-]{subsection.6.48}{\376\377\000C\000l\000a\000s\000s\000e\000s\000/\000V\000i\000d\000e\000o\000P\000l\000a\000y\000e\000r\000.\000m\000-\000D\000a\000t\000e\000i\000r\000e\000f\000e\000r\000e\000n\000z}{section.6}
\BOOKMARK [2][-]{subsection.6.49}{\376\377\000C\000l\000a\000s\000s\000e\000s\000/\000X\000M\000L\000P\000a\000r\000s\000e\000r\000.\000h\000-\000D\000a\000t\000e\000i\000r\000e\000f\000e\000r\000e\000n\000z}{section.6}
\BOOKMARK [2][-]{subsection.6.50}{\376\377\000C\000l\000a\000s\000s\000e\000s\000/\000X\000M\000L\000P\000a\000r\000s\000e\000r\000.\000m\000-\000D\000a\000t\000e\000i\000r\000e\000f\000e\000r\000e\000n\000z}{section.6}
\BOOKMARK [2][-]{subsection.6.51}{\376\377\000m\000a\000i\000n\000.\000m\000-\000D\000a\000t\000e\000i\000r\000e\000f\000e\000r\000e\000n\000z}{section.6}
\BOOKMARK [3][-]{subsubsection.6.51.1}{\376\377\000D\000o\000k\000u\000m\000e\000n\000t\000a\000t\000i\000o\000n\000\040\000d\000e\000r\000\040\000F\000u\000n\000k\000t\000i\000o\000n\000e\000n}{subsection.6.51}
\BOOKMARK [2][-]{subsection.6.52}{\376\377\000M\000a\000p\000V\000i\000e\000w\000.\000h\000-\000D\000a\000t\000e\000i\000r\000e\000f\000e\000r\000e\000n\000z}{section.6}
\BOOKMARK [2][-]{subsection.6.53}{\376\377\000M\000a\000p\000V\000i\000e\000w\000.\000m\000-\000D\000a\000t\000e\000i\000r\000e\000f\000e\000r\000e\000n\000z}{section.6}
\BOOKMARK [2][-]{subsection.6.54}{\376\377\000P\000O\000I\000D\000e\000t\000a\000i\000l\000s\000V\000i\000e\000w\000C\000o\000n\000t\000r\000o\000l\000l\000e\000r\000.\000h\000-\000D\000a\000t\000e\000i\000r\000e\000f\000e\000r\000e\000n\000z}{section.6}
\BOOKMARK [2][-]{subsection.6.55}{\376\377\000P\000O\000I\000D\000e\000t\000a\000i\000l\000s\000V\000i\000e\000w\000C\000o\000n\000t\000r\000o\000l\000l\000e\000r\000.\000m\000-\000D\000a\000t\000e\000i\000r\000e\000f\000e\000r\000e\000n\000z}{section.6}
\BOOKMARK [2][-]{subsection.6.56}{\376\377\000P\000O\000I\000L\000i\000s\000t\000V\000i\000e\000w\000C\000o\000n\000t\000r\000o\000l\000l\000e\000r\000.\000h\000-\000D\000a\000t\000e\000i\000r\000e\000f\000e\000r\000e\000n\000z}{section.6}
\BOOKMARK [2][-]{subsection.6.57}{\376\377\000P\000O\000I\000L\000i\000s\000t\000V\000i\000e\000w\000C\000o\000n\000t\000r\000o\000l\000l\000e\000r\000.\000m\000-\000D\000a\000t\000e\000i\000r\000e\000f\000e\000r\000e\000n\000z}{section.6}
\BOOKMARK [2][-]{subsection.6.58}{\376\377\000R\000o\000u\000t\000e\000s\000V\000i\000e\000w\000C\000o\000n\000t\000r\000o\000l\000l\000e\000r\000.\000h\000-\000D\000a\000t\000e\000i\000r\000e\000f\000e\000r\000e\000n\000z}{section.6}
\BOOKMARK [2][-]{subsection.6.59}{\376\377\000R\000o\000u\000t\000e\000s\000V\000i\000e\000w\000C\000o\000n\000t\000r\000o\000l\000l\000e\000r\000.\000m\000-\000D\000a\000t\000e\000i\000r\000e\000f\000e\000r\000e\000n\000z}{section.6}
\BOOKMARK [3][-]{subsubsection.6.59.1}{\376\377\000M\000a\000k\000r\000o\000-\000D\000o\000k\000u\000m\000e\000n\000t\000a\000t\000i\000o\000n}{subsection.6.59}
\BOOKMARK [2][-]{subsection.6.60}{\376\377\000S\000e\000t\000t\000i\000n\000g\000s\000V\000i\000e\000w\000C\000o\000n\000t\000r\000o\000l\000l\000e\000r\000.\000h\000-\000D\000a\000t\000e\000i\000r\000e\000f\000e\000r\000e\000n\000z}{section.6}
\BOOKMARK [2][-]{subsection.6.61}{\376\377\000S\000e\000t\000t\000i\000n\000g\000s\000V\000i\000e\000w\000C\000o\000n\000t\000r\000o\000l\000l\000e\000r\000.\000m\000-\000D\000a\000t\000e\000i\000r\000e\000f\000e\000r\000e\000n\000z}{section.6}
\BOOKMARK [2][-]{subsection.6.62}{\376\377\000S\000o\000u\000n\000d\000C\000o\000n\000t\000r\000o\000l\000l\000e\000r\000.\000h\000-\000D\000a\000t\000e\000i\000r\000e\000f\000e\000r\000e\000n\000z}{section.6}
\BOOKMARK [3][-]{subsubsection.6.62.1}{\376\377\000V\000a\000r\000i\000a\000b\000l\000e\000n\000-\000D\000o\000k\000u\000m\000e\000n\000t\000a\000t\000i\000o\000n}{subsection.6.62}
\BOOKMARK [2][-]{subsection.6.63}{\376\377\000S\000o\000u\000n\000d\000C\000o\000n\000t\000r\000o\000l\000l\000e\000r\000.\000m\000-\000D\000a\000t\000e\000i\000r\000e\000f\000e\000r\000e\000n\000z}{section.6}
\BOOKMARK [3][-]{subsubsection.6.63.1}{\376\377\000V\000a\000r\000i\000a\000b\000l\000e\000n\000-\000D\000o\000k\000u\000m\000e\000n\000t\000a\000t\000i\000o\000n}{subsection.6.63}
